{
  "RSpec": {
    "coverage": {
      "/app/app/models/frame.rb": {
        "lines": [
          1,
          1,
          null,
          1,
          1,
          null,
          1,
          null,
          1,
          1037,
          null,
          null,
          1,
          1036,
          null,
          null,
          1,
          1035,
          null,
          null,
          1,
          1035,
          null,
          null,
          1,
          null,
          1,
          1019,
          null,
          null,
          null,
          null,
          null,
          null,
          1019,
          1,
          null,
          null,
          null
        ]
      },
      "/app/app/models/application_record.rb": {
        "lines": [
          1,
          1,
          null
        ]
      },
      "/app/app/models/circle.rb": {
        "lines": [
          1,
          1,
          null,
          1,
          1,
          null,
          1,
          1,
          null,
          1,
          1,
          null,
          null,
          null,
          null,
          null,
          null,
          1,
          2,
          null,
          null,
          null,
          null,
          1,
          1,
          null,
          1,
          null,
          null,
          1,
          null,
          null,
          null,
          null,
          null,
          null,
          null,
          1,
          73,
          null,
          null,
          19,
          19,
          21,
          20,
          null,
          1,
          null,
          1,
          18,
          null,
          null,
          18,
          null,
          null,
          null,
          2,
          null,
          null,
          null,
          1,
          18,
          null,
          null,
          18,
          null,
          18,
          3,
          3,
          3,
          null,
          null,
          3,
          1,
          1,
          null,
          null,
          null,
          null
        ]
      },
      "/app/app/controllers/circles_controller.rb": {
        "lines": [
          1,
          1,
          null,
          1,
          null,
          3,
          2,
          2,
          null,
          4,
          null,
          null,
          1,
          2,
          1,
          null,
          1,
          null,
          null,
          null,
          null,
          1,
          1,
          1,
          null,
          null,
          1,
          null,
          1,
          5,
          null,
          2,
          null,
          null,
          1,
          2,
          null,
          null,
          1,
          2,
          1,
          null,
          null,
          null,
          1,
          null,
          3,
          null,
          null,
          null,
          null,
          null,
          null,
          null,
          null,
          null
        ]
      },
      "/app/app/controllers/application_controller.rb": {
        "lines": [
          1,
          null
        ]
      },
      "/app/app/controllers/frame_circles_controller.rb": {
        "lines": [
          1,
          1,
          null,
          null,
          1,
          4,
          null,
          4,
          2,
          null,
          null,
          null,
          null,
          null,
          null,
          null,
          null,
          null,
          null,
          2,
          null,
          null,
          null,
          null,
          1,
          null,
          1,
          5,
          null,
          1,
          null,
          null,
          1,
          4,
          null,
          null
        ]
      },
      "/app/app/controllers/frames_controller.rb": {
        "lines": [
          1,
          1,
          null,
          null,
          1,
          1,
          null,
          null,
          null,
          null,
          null,
          1,
          4,
          null,
          4,
          null,
          2,
          null,
          2,
          null,
          null,
          null,
          null,
          2,
          null,
          null,
          null,
          null,
          1,
          2,
          1,
          null,
          null,
          null,
          1,
          1,
          null,
          null,
          null,
          null,
          1,
          null,
          1,
          4,
          null,
          null,
          1,
          2,
          null,
          1,
          2,
          null,
          null,
          null,
          1,
          5,
          null,
          2,
          null,
          null,
          1,
          null,
          3,
          null,
          null,
          null,
          null,
          null,
          null,
          null,
          null,
          null,
          1,
          1,
          null,
          1,
          null,
          null,
          null,
          null,
          null,
          null,
          null,
          1,
          4,
          null,
          null,
          4,
          null,
          null,
          null,
          null,
          null,
          null,
          null,
          1,
          null,
          1,
          2,
          null,
          null
        ]
      },
      "/app/app/jobs/application_job.rb": {
        "lines": [
          0,
          null,
          null,
          null,
          null,
          null,
          0
        ],
        "branches": {}
      },
      "/app/app/mailers/application_mailer.rb": {
        "lines": [
          0,
          0,
          0,
          0
        ],
        "branches": {}
      }
    },
    "timestamp": 1757902955
  }
}
